# JRE version: OpenJDK Runtime Environment (24.0.1+9) (build 24.0.1+9-30)
# Java VM: OpenJDK 64-Bit Server VM (24.0.1+9-30, mixed mode, sharing, tiered, compressed oops, compressed class ptrs, g1 gc, windows-amd64)
GC Precious Log:
 CardTable entry size: 512
 Card Set container configuration: InlinePtr #cards 5 size 8 Array Of Cards #cards 10 size 36 Howl #buckets 4 coarsen threshold 1843 Howl Bitmap #cards 512 size 80 coarsen threshold 460 Card regions per heap region 1 cards per card region 2048
 CPUs: 8 total, 8 available
 Memory: 7502M
 Large Page Support: Disabled
 NUMA Support: Disabled
 Compressed Oops: Enabled (32-bit)
 Heap Region Size: 1M
 Heap Min Capacity: 8M
 Heap Initial Capacity: 118M
 Heap Max Capacity: 1876M
 Pre-touch: Disabled
 Parallel Workers: 8
 Concurrent Workers: 2
 Concurrent Refinement Workers: 8
 Periodic GC: Disabled
Heap:
 garbage-first heap   total reserved 1921024K, committed 76800K, used 64084K [0x000000008ac00000, 0x0000000100000000)
  region size 1024K, 22 young (22528K), 3 survivors (3072K)
 Metaspace       used 91984K, committed 92672K, reserved 1179648K
  class space    used 10055K, committed 10368K, reserved 1048576K
GC Heap History (20 events):
Event: 15.089 GC heap before
{Heap before GC invocations=12 (full 0):
 garbage-first heap   total reserved 1921024K, committed 68608K, used 60058K [0x000000008ac00000, 0x0000000100000000)
  region size 1024K, 31 young (31744K), 3 survivors (3072K)
 Metaspace       used 61195K, committed 61696K, reserved 1114112K
  class space    used 6693K, committed 6912K, reserved 1048576K
}
Event: 15.096 GC heap after
{Heap after GC invocations=13 (full 0):
 garbage-first heap   total reserved 1921024K, committed 68608K, used 33315K [0x000000008ac00000, 0x0000000100000000)
  region size 1024K, 3 young (3072K), 3 survivors (3072K)
 Metaspace       used 61195K, committed 61696K, reserved 1114112K
  class space    used 6693K, committed 6912K, reserved 1048576K
}
Event: 15.700 GC heap before
{Heap before GC invocations=13 (full 0):
 garbage-first heap   total reserved 1921024K, committed 68608K, used 59939K [0x000000008ac00000, 0x0000000100000000)
  region size 1024K, 30 young (30720K), 3 survivors (3072K)
 Metaspace       used 63008K, committed 63488K, reserved 1114112K
  class space    used 7077K, committed 7296K, reserved 1048576K
}
Event: 15.708 GC heap after
{Heap after GC invocations=14 (full 0):
 garbage-first heap   total reserved 1921024K, committed 68608K, used 33735K [0x000000008ac00000, 0x0000000100000000)
  region size 1024K, 3 young (3072K), 3 survivors (3072K)
 Metaspace       used 63008K, committed 63488K, reserved 1114112K
  class space    used 7077K, committed 7296K, reserved 1048576K
}
Event: 15.852 GC heap before
{Heap before GC invocations=14 (full 0):
 garbage-first heap   total reserved 1921024K, committed 68608K, used 60359K [0x000000008ac00000, 0x0000000100000000)
  region size 1024K, 29 young (29696K), 3 survivors (3072K)
 Metaspace       used 63009K, committed 63488K, reserved 1114112K
  class space    used 7077K, committed 7296K, reserved 1048576K
}
Event: 15.881 GC heap after
{Heap after GC invocations=15 (full 0):
 garbage-first heap   total reserved 1921024K, committed 70656K, used 40528K [0x000000008ac00000, 0x0000000100000000)
  region size 1024K, 4 young (4096K), 4 survivors (4096K)
 Metaspace       used 63009K, committed 63488K, reserved 1114112K
  class space    used 7077K, committed 7296K, reserved 1048576K
}
Event: 16.530 GC heap before
{Heap before GC invocations=16 (full 0):
 garbage-first heap   total reserved 1921024K, committed 70656K, used 58960K [0x000000008ac00000, 0x0000000100000000)
  region size 1024K, 23 young (23552K), 4 survivors (4096K)
 Metaspace       used 65107K, committed 65600K, reserved 1114112K
  class space    used 7345K, committed 7552K, reserved 1048576K
}
Event: 16.539 GC heap after
{Heap after GC invocations=17 (full 0):
 garbage-first heap   total reserved 1921024K, committed 70656K, used 41690K [0x000000008ac00000, 0x0000000100000000)
  region size 1024K, 1 young (1024K), 1 survivors (1024K)
 Metaspace       used 65107K, committed 65600K, reserved 1114112K
  class space    used 7345K, committed 7552K, reserved 1048576K
}
Event: 17.692 GC heap before
{Heap before GC invocations=17 (full 0):
 garbage-first heap   total reserved 1921024K, committed 70656K, used 62170K [0x000000008ac00000, 0x0000000100000000)
  region size 1024K, 21 young (21504K), 1 survivors (1024K)
 Metaspace       used 67784K, committed 68352K, reserved 1114112K
  class space    used 7699K, committed 7936K, reserved 1048576K
}
Event: 17.698 GC heap after
{Heap after GC invocations=18 (full 0):
 garbage-first heap   total reserved 1921024K, committed 70656K, used 43658K [0x000000008ac00000, 0x0000000100000000)
  region size 1024K, 3 young (3072K), 3 survivors (3072K)
 Metaspace       used 67784K, committed 68352K, reserved 1114112K
  class space    used 7699K, committed 7936K, reserved 1048576K
}
Event: 33.353 GC heap before
{Heap before GC invocations=18 (full 0):
 garbage-first heap   total reserved 1921024K, committed 70656K, used 62090K [0x000000008ac00000, 0x0000000100000000)
  region size 1024K, 21 young (21504K), 3 survivors (3072K)
 Metaspace       used 71512K, committed 72064K, reserved 1114112K
  class space    used 8157K, committed 8384K, reserved 1048576K
}
Event: 33.364 GC heap after
{Heap after GC invocations=19 (full 0):
 garbage-first heap   total reserved 1921024K, committed 70656K, used 45400K [0x000000008ac00000, 0x0000000100000000)
  region size 1024K, 2 young (2048K), 2 survivors (2048K)
 Metaspace       used 71512K, committed 72064K, reserved 1114112K
  class space    used 8157K, committed 8384K, reserved 1048576K
}
Event: 34.545 GC heap before
{Heap before GC invocations=20 (full 0):
 garbage-first heap   total reserved 1921024K, committed 71680K, used 58712K [0x000000008ac00000, 0x0000000100000000)
  region size 1024K, 19 young (19456K), 2 survivors (2048K)
 Metaspace       used 79946K, committed 80512K, reserved 1179648K
  class space    used 8863K, committed 9088K, reserved 1048576K
}
Event: 34.550 GC heap after
{Heap after GC invocations=21 (full 0):
 garbage-first heap   total reserved 1921024K, committed 71680K, used 43926K [0x000000008ac00000, 0x0000000100000000)
  region size 1024K, 3 young (3072K), 3 survivors (3072K)
 Metaspace       used 79946K, committed 80512K, reserved 1179648K
  class space    used 8863K, committed 9088K, reserved 1048576K
}
Event: 35.823 GC heap before
{Heap before GC invocations=21 (full 0):
 garbage-first heap   total reserved 1921024K, committed 71680K, used 63382K [0x000000008ac00000, 0x0000000100000000)
  region size 1024K, 23 young (23552K), 3 survivors (3072K)
 Metaspace       used 85448K, committed 86080K, reserved 1179648K
  class space    used 9411K, committed 9664K, reserved 1048576K
}
Event: 35.832 GC heap after
{Heap after GC invocations=22 (full 0):
 garbage-first heap   total reserved 1921024K, committed 71680K, used 43396K [0x000000008ac00000, 0x0000000100000000)
  region size 1024K, 3 young (3072K), 3 survivors (3072K)
 Metaspace       used 85448K, committed 86080K, reserved 1179648K
  class space    used 9411K, committed 9664K, reserved 1048576K
}
Event: 44.888 GC heap before
{Heap before GC invocations=22 (full 0):
 garbage-first heap   total reserved 1921024K, committed 71680K, used 62852K [0x000000008ac00000, 0x0000000100000000)
  region size 1024K, 23 young (23552K), 3 survivors (3072K)
 Metaspace       used 91399K, committed 92096K, reserved 1179648K
  class space    used 10036K, committed 10368K, reserved 1048576K
}
Event: 44.897 GC heap after
{Heap after GC invocations=23 (full 0):
 garbage-first heap   total reserved 1921024K, committed 71680K, used 45128K [0x000000008ac00000, 0x0000000100000000)
  region size 1024K, 2 young (2048K), 2 survivors (2048K)
 Metaspace       used 91399K, committed 92096K, reserved 1179648K
  class space    used 10036K, committed 10368K, reserved 1048576K
}
Event: 13016.398 GC heap before
{Heap before GC invocations=24 (full 0):
 garbage-first heap   total reserved 1921024K, committed 76800K, used 63560K [0x000000008ac00000, 0x0000000100000000)
  region size 1024K, 20 young (20480K), 2 survivors (2048K)
 Metaspace       used 91815K, committed 92480K, reserved 1179648K
  class space    used 10052K, committed 10368K, reserved 1048576K
}
Event: 13016.495 GC heap after
{Heap after GC invocations=25 (full 0):
 garbage-first heap   total reserved 1921024K, committed 76800K, used 45652K [0x000000008ac00000, 0x0000000100000000)
  region size 1024K, 3 young (3072K), 3 survivors (3072K)
 Metaspace       used 91815K, committed 92480K, reserved 1179648K
  class space    used 10052K, committed 10368K, reserved 1048576K
}

